<?xml version="1.0" encoding="UTF-8"?>
<!-- Generated by org.testng.reporters.JUnitXMLReporter -->
<testsuite ignored="0" hostname="DESKTOP-DJ4FDME" failures="0" tests="3" name="Default test" time="14.746" errors="0" timestamp="2024-11-26T20:42:03 IST">
  <testcase classname="org.wipro.automation.aumw.testcases.LoginScenario" name="tc01_loginfunct" time="0.786"/>
  <testcase classname="org.wipro.automation.aumw.testcases.LoginScenario" name="tc01_loginfunct" time="0.683"/>
  <testcase classname="org.wipro.automation.aumw.testcases.LoginScenario" name="tc01_loginfunct" time="0.8"/>
</testsuite> <!-- Default test -->
