<?xml version="1.0" encoding="UTF-8"?>
<testng-results ignored="0" total="1" passed="1" failed="0" skipped="0">
  <reporter-output>
  </reporter-output>
  <suite started-at="2024-11-25T20:59:16 IST" name="Default suite" finished-at="2024-11-25T20:59:21 IST" duration-ms="4956">
    <groups>
    </groups>
    <test started-at="2024-11-25T20:59:16 IST" name="Default test" finished-at="2024-11-25T20:59:21 IST" duration-ms="4956">
      <class name="org.wipro.automation.aumw.testcases.SignupScenario">
        <test-method is-config="true" signature="launchBrowser()[pri:0, instance:org.wipro.automation.aumw.testcases.SignupScenario@2a7f1f10]" started-at="2024-11-25T20:59:16 IST" name="launchBrowser" finished-at="2024-11-25T20:59:20 IST" duration-ms="3257" status="PASS">
          <reporter-output>
          </reporter-output>
        </test-method> <!-- launchBrowser -->
        <test-method signature="tc02_validatsignupfunct()[pri:0, instance:org.wipro.automation.aumw.testcases.SignupScenario@2a7f1f10]" started-at="2024-11-25T20:59:20 IST" name="tc02_validatsignupfunct" finished-at="2024-11-25T20:59:21 IST" duration-ms="1609" status="PASS">
          <reporter-output>
          </reporter-output>
        </test-method> <!-- tc02_validatsignupfunct -->
        <test-method is-config="true" signature="closeBrowser()[pri:0, instance:org.wipro.automation.aumw.testcases.SignupScenario@2a7f1f10]" started-at="2024-11-25T20:59:21 IST" name="closeBrowser" finished-at="2024-11-25T20:59:21 IST" duration-ms="1" status="PASS">
          <reporter-output>
          </reporter-output>
        </test-method> <!-- closeBrowser -->
      </class> <!-- org.wipro.automation.aumw.testcases.SignupScenario -->
    </test> <!-- Default test -->
  </suite> <!-- Default suite -->
</testng-results>
