<?xml version="1.0" encoding="UTF-8"?>
<testng-results ignored="0" total="3" passed="3" failed="0" skipped="0">
  <reporter-output>
  </reporter-output>
  <suite started-at="2024-11-26T20:41:48 IST" name="Default suite" finished-at="2024-11-26T20:42:03 IST" duration-ms="14746">
    <groups>
    </groups>
    <test started-at="2024-11-26T20:41:48 IST" name="Default test" finished-at="2024-11-26T20:42:03 IST" duration-ms="14746">
      <class name="org.wipro.automation.aumw.testcases.LoginScenario">
        <test-method is-config="true" signature="launchBrowser()[pri:0, instance:org.wipro.automation.aumw.testcases.LoginScenario@7674f035]" started-at="2024-11-26T20:41:48 IST" name="launchBrowser" finished-at="2024-11-26T20:41:54 IST" duration-ms="5420" status="PASS">
          <reporter-output>
          </reporter-output>
        </test-method> <!-- launchBrowser -->
        <test-method signature="tc01_loginfunct(java.lang.String,java.lang.String)[pri:0, instance:org.wipro.automation.aumw.testcases.LoginScenario@7674f035]" started-at="2024-11-26T20:41:54 IST" name="tc01_loginfunct" data-provider="userdata1" finished-at="2024-11-26T20:41:54 IST" duration-ms="786" status="PASS">
          <params>
            <param index="0">
              <value>
                <![CDATA[user1]]>
              </value>
            </param>
            <param index="1">
              <value>
                <![CDATA[pass1]]>
              </value>
            </param>
          </params>
          <reporter-output>
          </reporter-output>
        </test-method> <!-- tc01_loginfunct -->
        <test-method is-config="true" signature="closeBrowser()[pri:0, instance:org.wipro.automation.aumw.testcases.LoginScenario@7674f035]" started-at="2024-11-26T20:41:54 IST" name="closeBrowser" finished-at="2024-11-26T20:41:54 IST" duration-ms="2" status="PASS">
          <reporter-output>
          </reporter-output>
        </test-method> <!-- closeBrowser -->
        <test-method is-config="true" signature="launchBrowser()[pri:0, instance:org.wipro.automation.aumw.testcases.LoginScenario@7674f035]" started-at="2024-11-26T20:41:54 IST" name="launchBrowser" finished-at="2024-11-26T20:41:58 IST" duration-ms="3356" status="PASS">
          <reporter-output>
          </reporter-output>
        </test-method> <!-- launchBrowser -->
        <test-method signature="tc01_loginfunct(java.lang.String,java.lang.String)[pri:0, instance:org.wipro.automation.aumw.testcases.LoginScenario@7674f035]" started-at="2024-11-26T20:41:58 IST" name="tc01_loginfunct" data-provider="userdata1" finished-at="2024-11-26T20:41:58 IST" duration-ms="683" status="PASS">
          <params>
            <param index="0">
              <value>
                <![CDATA[user2]]>
              </value>
            </param>
            <param index="1">
              <value>
                <![CDATA[pass2]]>
              </value>
            </param>
          </params>
          <reporter-output>
          </reporter-output>
        </test-method> <!-- tc01_loginfunct -->
        <test-method is-config="true" signature="closeBrowser()[pri:0, instance:org.wipro.automation.aumw.testcases.LoginScenario@7674f035]" started-at="2024-11-26T20:41:58 IST" name="closeBrowser" finished-at="2024-11-26T20:41:58 IST" duration-ms="1" status="PASS">
          <reporter-output>
          </reporter-output>
        </test-method> <!-- closeBrowser -->
        <test-method is-config="true" signature="launchBrowser()[pri:0, instance:org.wipro.automation.aumw.testcases.LoginScenario@7674f035]" started-at="2024-11-26T20:41:58 IST" name="launchBrowser" finished-at="2024-11-26T20:42:02 IST" duration-ms="3572" status="PASS">
          <reporter-output>
          </reporter-output>
        </test-method> <!-- launchBrowser -->
        <test-method signature="tc01_loginfunct(java.lang.String,java.lang.String)[pri:0, instance:org.wipro.automation.aumw.testcases.LoginScenario@7674f035]" started-at="2024-11-26T20:42:02 IST" name="tc01_loginfunct" data-provider="userdata1" finished-at="2024-11-26T20:42:03 IST" duration-ms="800" status="PASS">
          <params>
            <param index="0">
              <value>
                <![CDATA[user3]]>
              </value>
            </param>
            <param index="1">
              <value>
                <![CDATA[pass3]]>
              </value>
            </param>
          </params>
          <reporter-output>
          </reporter-output>
        </test-method> <!-- tc01_loginfunct -->
        <test-method is-config="true" signature="closeBrowser()[pri:0, instance:org.wipro.automation.aumw.testcases.LoginScenario@7674f035]" started-at="2024-11-26T20:42:03 IST" name="closeBrowser" finished-at="2024-11-26T20:42:03 IST" duration-ms="2" status="PASS">
          <reporter-output>
          </reporter-output>
        </test-method> <!-- closeBrowser -->
      </class> <!-- org.wipro.automation.aumw.testcases.LoginScenario -->
    </test> <!-- Default test -->
  </suite> <!-- Default suite -->
</testng-results>
